<?xml version="1.0" encoding="UTF-8"?>
<!-- Generated by org.testng.reporters.JUnitReportReporter -->
<testsuite hostname="DESKTOP-UOSJI6I" failures="0" tests="1" name="com.restfulbookerwebsiteRetargetCommonEx.ResponseSpecificationEg" time="2.381" errors="0" timestamp="2022-04-14T11:04:49 IST" skipped="0">
  <testcase classname="com.restfulbookerwebsiteRetargetCommonEx.ResponseSpecificationEg" name="createAnUserWithResponseSpecification" time="2.381"/>
  <system-out/>
</testsuite> <!-- com.restfulbookerwebsiteRetargetCommonEx.ResponseSpecificationEg -->
