<?xml version="1.0" encoding="UTF-8"?>
<!-- Generated by org.testng.reporters.JUnitReportReporter -->
<testsuite hostname="DESKTOP-UOSJI6I" failures="0" tests="1" name="com.restfulbookerwebsiteRetargetCommonEx.PartialUpdateBookingPatch" time="3.814" errors="0" timestamp="2022-04-13T10:45:34 IST" skipped="0">
  <testcase classname="com.restfulbookerwebsiteRetargetCommonEx.PartialUpdateBookingPatch" name="putEgWithRestfullBOOKER" time="3.814"/>
  <system-out/>
</testsuite> <!-- com.restfulbookerwebsiteRetargetCommonEx.PartialUpdateBookingPatch -->
