<?xml version="1.0" encoding="UTF-8"?>
<!-- Generated by org.testng.reporters.JUnitReportReporter -->
<testsuite hostname="DESKTOP-UOSJI6I" failures="0" tests="1" name="com.restfulbookerwebsiteRetargetCommonEx.GetRequestWithPathParamsParametrized" time="3.599" errors="0" timestamp="2022-04-11T12:32:30 IST" skipped="0">
  <testcase classname="com.restfulbookerwebsiteRetargetCommonEx.GetRequestWithPathParamsParametrized" name="pathParamsUsingNamedParameters" time="3.599"/>
  <system-out/>
</testsuite> <!-- com.restfulbookerwebsiteRetargetCommonEx.GetRequestWithPathParamsParametrized -->
