<?xml version="1.0" encoding="UTF-8"?>
<!-- Generated by org.testng.reporters.JUnitReportReporter -->
<testsuite hostname="DESKTOP-UOSJI6I" failures="0" tests="4" name="com.restfulbookerwebsiteRetargetCommonEx.RequestSpecificationEg" time="4.726" errors="0" timestamp="2022-04-14T10:43:02 IST" skipped="0">
  <testcase classname="com.restfulbookerwebsiteRetargetCommonEx.RequestSpecificationEg" name="createAnUser" time="2.793"/>
  <system-out/>
  <testcase classname="com.restfulbookerwebsiteRetargetCommonEx.RequestSpecificationEg" name="createUserWithReqSpec" time="0.551"/>
  <system-out/>
  <testcase classname="com.restfulbookerwebsiteRetargetCommonEx.RequestSpecificationEg" name="updateAnUserWithReqSpec" time="0.873"/>
  <system-out/>
  <testcase classname="com.restfulbookerwebsiteRetargetCommonEx.RequestSpecificationEg" name="updateAnUser" time="0.509"/>
  <system-out/>
</testsuite> <!-- com.restfulbookerwebsiteRetargetCommonEx.RequestSpecificationEg -->
