<?xml version="1.0" encoding="UTF-8"?>
<!-- Generated by org.testng.reporters.JUnitReportReporter -->
<testsuite hostname="DESKTOP-UOSJI6I" failures="0" tests="1" name="jsonPaths.JsonPathWithFilters" time="1.587" errors="0" timestamp="2022-06-14T10:14:09 IST" skipped="0">
  <testcase classname="jsonPaths.JsonPathWithFilters" name="jsonFiltersEg2" time="1.587"/>
  <system-out/>
</testsuite> <!-- jsonPaths.JsonPathWithFilters -->
