<?xml version="1.0" encoding="UTF-8"?>
<!-- Generated by org.testng.reporters.JUnitReportReporter -->
<testsuite hostname="DESKTOP-UOSJI6I" failures="0" tests="2" name="datashare.SharingDataThroughCommonClassUsingMap" time="6.466" errors="0" timestamp="2022-05-11T12:49:16 IST" skipped="0">
  <testcase classname="datashare.SharingDataThroughCommonClassUsingMap" name="createPetDataSwagger" time="4.939"/>
  <system-out/>
  <testcase classname="datashare.SharingDataThroughCommonClassUsingMap" name="retreivePetData" time="1.527"/>
  <system-out/>
</testsuite> <!-- datashare.SharingDataThroughCommonClassUsingMap -->
