<?xml version="1.0" encoding="UTF-8"?>
<!-- Generated by org.testng.reporters.JUnitReportReporter -->
<testsuite hostname="DESKTOP-UOSJI6I" failures="0" tests="1" name="com.restfulbookerwebsiteRetargetCommonEx.RequestSpecification" time="2.771" errors="0" timestamp="2022-04-14T10:20:35 IST" skipped="0">
  <testcase classname="com.restfulbookerwebsiteRetargetCommonEx.RequestSpecification" name="updateAnUser" time="2.771"/>
  <system-out/>
</testsuite> <!-- com.restfulbookerwebsiteRetargetCommonEx.RequestSpecification -->
