<?xml version="1.0" encoding="UTF-8"?>
<!-- Generated by org.testng.reporters.JUnitReportReporter -->
<testsuite hostname="DESKTOP-UOSJI6I" failures="0" tests="4" name="httpVerbs.GetRequestWithPathParamsParametrized" time="8.817" errors="0" timestamp="2022-06-13T10:47:25 IST" skipped="0">
  <testcase classname="httpVerbs.GetRequestWithPathParamsParametrized" name="pathParamsUsingInlineParameters" time="1.382"/>
  <system-out/>
  <testcase classname="httpVerbs.GetRequestWithPathParamsParametrized" name="pathParamsUsingCombiningNamedAndInlineParameters" time="4.784"/>
  <system-out/>
  <testcase classname="httpVerbs.GetRequestWithPathParamsParametrized" name="pathParamsUsingNamedParameters" time="1.371"/>
  <system-out/>
  <testcase classname="httpVerbs.GetRequestWithPathParamsParametrized" name="pathParamsWithMap" time="1.280"/>
  <system-out/>
</testsuite> <!-- httpVerbs.GetRequestWithPathParamsParametrized -->
