<?xml version="1.0" encoding="UTF-8"?>
<!-- Generated by org.testng.reporters.JUnitReportReporter -->
<testsuite hostname="DESKTOP-UOSJI6I" failures="0" tests="2" name="datashare.TestModuleOne" time="14.101" errors="0" timestamp="2022-05-12T10:59:32 IST" skipped="0">
  <testcase classname="datashare.TestModuleOne" name="createPetDataSwagger" time="5.496"/>
  <system-out/>
  <testcase classname="datashare.TestModuleOne" name="retreivePetData" time="8.605"/>
  <system-out/>
</testsuite> <!-- datashare.TestModuleOne -->
