<?xml version="1.0" encoding="UTF-8"?>
<!-- Generated by org.testng.reporters.JUnitReportReporter -->
<testsuite hostname="DESKTOP-UOSJI6I" failures="0" tests="2" name="mockApi.ConvertJsonArrayToJavaList" time="4.463" errors="0" timestamp="2022-05-06T12:43:12 IST" skipped="0">
  <testcase classname="mockApi.ConvertJsonArrayToJavaList" name="deserializationForList" time="3.567"/>
  <system-out/>
  <testcase classname="mockApi.ConvertJsonArrayToJavaList" name="deserializationForListWithoutSuppressWarnings" time="0.896"/>
  <system-out/>
</testsuite> <!-- mockApi.ConvertJsonArrayToJavaList -->
