<?xml version="1.0" encoding="UTF-8"?>
<!-- Generated by org.testng.reporters.JUnitReportReporter -->
<testsuite hostname="DESKTOP-UOSJI6I" failures="0" tests="2" name="datashare.TestModuleTwo" time="14.095" errors="0" timestamp="2022-05-12T10:59:32 IST" skipped="0">
  <testcase classname="datashare.TestModuleTwo" name="createPetDataSwagger" time="5.495"/>
  <system-out/>
  <testcase classname="datashare.TestModuleTwo" name="retreivePetData" time="8.600"/>
  <system-out/>
</testsuite> <!-- datashare.TestModuleTwo -->
