<?xml version="1.0" encoding="UTF-8"?>
<!-- Generated by org.testng.reporters.JUnitReportReporter -->
<testsuite hostname="DESKTOP-UOSJI6I" failures="0" tests="1" name="com.restfulbookerwebsiteRetargetCommonEx.JsonPathWithFilters" time="2.621" errors="0" timestamp="2022-04-27T11:10:11 IST" skipped="0">
  <testcase classname="com.restfulbookerwebsiteRetargetCommonEx.JsonPathWithFilters" name="jsonFiltersEg2" time="2.621"/>
  <system-out/>
</testsuite> <!-- com.restfulbookerwebsiteRetargetCommonEx.JsonPathWithFilters -->
