<?xml version="1.0" encoding="UTF-8"?>
<!-- Generated by org.testng.reporters.JUnitReportReporter -->
<testsuite hostname="DESKTOP-UOSJI6I" failures="0" tests="1" name="jsonPayload.ComplexPayloadUsingMapAndList" time="3.163" errors="0" timestamp="2022-06-14T11:01:43 IST" skipped="0">
  <testcase classname="jsonPayload.ComplexPayloadUsingMapAndList" name="complexPayloadWithRestAssured" time="3.163"/>
  <system-out/>
</testsuite> <!-- jsonPayload.ComplexPayloadUsingMapAndList -->
