<?xml version="1.0" encoding="UTF-8"?>
<!-- Generated by org.testng.reporters.JUnitReportReporter -->
<testsuite hostname="DESKTOP-UOSJI6I" failures="0" tests="1" name="mockApi.SimpleMockApiResponse" time="4.041" errors="0" timestamp="2022-05-06T10:43:52 IST" skipped="0">
  <testcase classname="mockApi.SimpleMockApiResponse" name="mockApiUsingDesignerMock" time="4.041"/>
  <system-out/>
</testsuite> <!-- mockApi.SimpleMockApiResponse -->
