<?xml version="1.0" encoding="UTF-8"?>
<!-- Generated by org.testng.reporters.JUnitReportReporter -->
<testsuite hostname="DESKTOP-UOSJI6I" failures="0" tests="1" name="httpVerbs.DefaultHeaders" time="10.724" errors="0" timestamp="2022-06-24T10:49:16 IST" skipped="0">
  <testcase classname="httpVerbs.DefaultHeaders" name="defaultHeaderBehaviour" time="10.724"/>
  <system-out/>
</testsuite> <!-- httpVerbs.DefaultHeaders -->
