<?xml version="1.0" encoding="UTF-8"?>
<!-- Generated by org.testng.reporters.JUnitReportReporter -->
<testsuite hostname="DESKTOP-UOSJI6I" failures="0" tests="2" name="jsonPayload.JsonPayloadWithMap" time="9.589" errors="0" timestamp="2022-05-17T11:07:57 IST" skipped="0">
  <testcase classname="jsonPayload.JsonPayloadWithMap" name="simpleJsonPayloadEg" time="0.063"/>
  <system-out/>
  <testcase classname="jsonPayload.JsonPayloadWithMap" name="nestedJsonPayload" time="9.526"/>
  <system-out/>
</testsuite> <!-- jsonPayload.JsonPayloadWithMap -->
