<?xml version="1.0" encoding="UTF-8"?>
<!-- Generated by org.testng.reporters.JUnitReportReporter -->
<testsuite hostname="DESKTOP-UOSJI6I" failures="0" tests="1" name="jsonPaths.JsonPathForNestedObjects" time="1.440" errors="0" timestamp="2022-06-14T10:23:45 IST" skipped="0">
  <testcase classname="jsonPaths.JsonPathForNestedObjects" name="jsonNestedPath" time="1.440"/>
  <system-out/>
</testsuite> <!-- jsonPaths.JsonPathForNestedObjects -->
