<?xml version="1.0" encoding="UTF-8"?>
<!-- Generated by org.testng.reporters.JUnitReportReporter -->
<testsuite hostname="DESKTOP-UOSJI6I" failures="0" tests="1" name="com.restfulbookerwebsiteRetargetCommonEx.GetRequestWithPathParams" time="4.714" errors="0" timestamp="2022-04-08T11:00:08 IST" skipped="0">
  <testcase classname="com.restfulbookerwebsiteRetargetCommonEx.GetRequestWithPathParams" name="getRequestRestfulBooker" time="4.714"/>
  <system-out/>
</testsuite> <!-- com.restfulbookerwebsiteRetargetCommonEx.GetRequestWithPathParams -->
