<?xml version="1.0" encoding="UTF-8"?>
<!-- Generated by org.testng.reporters.JUnitReportReporter -->
<testsuite hostname="DESKTOP-UOSJI6I" failures="0" tests="2" name="jsonPaths.JsonArrayEx" time="1.637" errors="0" timestamp="2022-05-17T11:01:42 IST" skipped="0">
  <testcase classname="jsonPaths.JsonArrayEx" name="jsonarraysimpleEg" time="0.088"/>
  <system-out/>
  <testcase classname="jsonPaths.JsonArrayEx" name="complexJsonArry" time="1.549"/>
  <system-out/>
</testsuite> <!-- jsonPaths.JsonArrayEx -->
