<?xml version="1.0" encoding="UTF-8"?>
<!-- Generated by org.testng.reporters.JUnitReportReporter -->
<testsuite hostname="DESKTOP-UOSJI6I" failures="0" tests="1" name="com.miscellaneous.UploadAFileThroughRestAssured" time="3.399" errors="0" timestamp="2022-06-22T12:19:56 IST" skipped="0">
  <testcase classname="com.miscellaneous.UploadAFileThroughRestAssured" name="downloadingFile" time="3.399"/>
  <system-out/>
</testsuite> <!-- com.miscellaneous.UploadAFileThroughRestAssured -->
