<?xml version="1.0" encoding="UTF-8"?>
<!-- Generated by org.testng.reporters.JUnitReportReporter -->
<testsuite hostname="DESKTOP-UOSJI6I" failures="0" tests="1" name="com.restfulbookerwebsiteRetargetCommonEx.JsonSchemaValidatorEg1" time="5.365" errors="0" timestamp="2022-04-30T12:55:32 IST" skipped="0">
  <testcase classname="com.restfulbookerwebsiteRetargetCommonEx.JsonSchemaValidatorEg1" name="jsonSchemaValidationUsingReqres" time="5.365"/>
  <system-out/>
</testsuite> <!-- com.restfulbookerwebsiteRetargetCommonEx.JsonSchemaValidatorEg1 -->
