<?xml version="1.0" encoding="UTF-8"?>
<!-- Generated by org.testng.reporters.JUnitReportReporter -->
<testsuite hostname="DESKTOP-UOSJI6I" failures="0" tests="1" name="mockApi.SimpleMockApiResponse" time="3.964" errors="0" timestamp="2022-06-14T11:04:26 IST" skipped="0">
  <testcase classname="mockApi.SimpleMockApiResponse" name="mockApiUsingDesignerMock" time="3.964"/>
  <system-out/>
</testsuite> <!-- mockApi.SimpleMockApiResponse -->
