<?xml version="1.0" encoding="UTF-8"?>
<!-- Generated by org.testng.reporters.JUnitReportReporter -->
<testsuite hostname="DESKTOP-UOSJI6I" failures="0" tests="2" name="datashare.TestModuleTwoWithThreadLocalMap" time="6.887" errors="0" timestamp="2022-05-13T11:14:41 IST" skipped="0">
  <testcase classname="datashare.TestModuleTwoWithThreadLocalMap" name="createBooking" time="5.486"/>
  <system-out/>
  <testcase classname="datashare.TestModuleTwoWithThreadLocalMap" name="retreiveBookingId" time="1.401"/>
  <system-out/>
</testsuite> <!-- datashare.TestModuleTwoWithThreadLocalMap -->
