<?xml version="1.0" encoding="UTF-8"?>
<!-- Generated by org.testng.reporters.JUnitReportReporter -->
<testsuite hostname="DESKTOP-UOSJI6I" failures="0" tests="3" name="com.authentication.OAuth2SimpleExample" time="4.835" errors="0" timestamp="2022-06-27T12:28:36 IST" skipped="0">
  <testcase classname="com.authentication.OAuth2SimpleExample" name="simpleAuthentication" time="3.381"/>
  <system-out/>
  <testcase classname="com.authentication.OAuth2SimpleExample" name="generateAccessToken" time="1.018"/>
  <system-out/>
  <testcase classname="com.authentication.OAuth2SimpleExample" name="passGenerateToken" time="0.436"/>
  <system-out/>
</testsuite> <!-- com.authentication.OAuth2SimpleExample -->
