<?xml version="1.0" encoding="UTF-8"?>
<!-- Generated by org.testng.reporters.JUnitReportReporter -->
<testsuite hostname="DESKTOP-UOSJI6I" failures="0" tests="1" name="com.restfulbookerwebsiteRetargetCommonEx.ExtractResponseBody" time="3.108" errors="0" timestamp="2022-04-13T11:03:54 IST" skipped="0">
  <testcase classname="com.restfulbookerwebsiteRetargetCommonEx.ExtractResponseBody" name="extractResponseReqres" time="3.108"/>
  <system-out/>
</testsuite> <!-- com.restfulbookerwebsiteRetargetCommonEx.ExtractResponseBody -->
