<?xml version="1.0" encoding="UTF-8"?>
<!-- Generated by org.testng.reporters.JUnitReportReporter -->
<testsuite hostname="DESKTOP-UOSJI6I" failures="0" tests="1" name="jsonPaths.InlineAssertionWithRestAssured" time="4.301" errors="0" timestamp="2022-05-27T10:40:03 IST" skipped="0">
  <testcase classname="jsonPaths.InlineAssertionWithRestAssured" name="inlineAssertionEg2" time="4.301"/>
  <system-out/>
</testsuite> <!-- jsonPaths.InlineAssertionWithRestAssured -->
