<?xml version="1.0" encoding="UTF-8"?>
<!-- Generated by org.testng.reporters.JUnitReportReporter -->
<testsuite hostname="DESKTOP-UOSJI6I" failures="0" tests="1" name="jsonPaths.JsonSchemaValidatorEg1" time="4.277" errors="0" timestamp="2022-05-26T11:08:51 IST" skipped="0">
  <testcase classname="jsonPaths.JsonSchemaValidatorEg1" name="jsonSchemaValidationUsingReqres" time="4.277"/>
  <system-out/>
</testsuite> <!-- jsonPaths.JsonSchemaValidatorEg1 -->
