<?xml version="1.0" encoding="UTF-8"?>
<!-- Generated by org.testng.reporters.JUnitReportReporter -->
<testsuite hostname="DESKTOP-UOSJI6I" failures="0" tests="1" name="httpVerbs.ExtractResponseBody" time="3.472" errors="0" timestamp="2022-05-04T10:05:32 IST" skipped="0">
  <testcase classname="httpVerbs.ExtractResponseBody" name="extractResponseReqres" time="3.472"/>
  <system-out/>
</testsuite> <!-- httpVerbs.ExtractResponseBody -->
