<?xml version="1.0" encoding="UTF-8"?>
<!-- Generated by org.testng.reporters.JUnitReportReporter -->
<testsuite hostname="DESKTOP-UOSJI6I" failures="0" tests="1" name="datashare.GetBookingDetails" time="3.665" errors="0" timestamp="2022-06-24T11:25:39 IST" skipped="0">
  <testcase classname="datashare.GetBookingDetails" name="getBooking" time="3.665"/>
  <system-out/>
</testsuite> <!-- datashare.GetBookingDetails -->
