<?xml version="1.0" encoding="UTF-8"?>
<!-- Generated by org.testng.reporters.JUnitReportReporter -->
<testsuite hostname="DESKTOP-UOSJI6I" failures="0" tests="1" name="jsonPaths.JsonArrayEx" time="1.833" errors="0" timestamp="2022-06-14T10:27:05 IST" skipped="0">
  <testcase classname="jsonPaths.JsonArrayEx" name="complexJsonArry" time="1.833"/>
  <system-out/>
</testsuite> <!-- jsonPaths.JsonArrayEx -->
