<?xml version="1.0" encoding="UTF-8"?>
<!-- Generated by org.testng.reporters.JUnitReportReporter -->
<testsuite hostname="DESKTOP-UOSJI6I" failures="0" tests="1" name="com.restfulbookerwebsiteRetargetCommonEx.DefaultHeaders" time="2.713" errors="0" timestamp="2022-04-18T11:03:31 IST" skipped="0">
  <testcase classname="com.restfulbookerwebsiteRetargetCommonEx.DefaultHeaders" name="overwriteHeaderBehaviour" time="2.713"/>
  <system-out/>
</testsuite> <!-- com.restfulbookerwebsiteRetargetCommonEx.DefaultHeaders -->
