<?xml version="1.0" encoding="UTF-8"?>
<!-- Generated by org.testng.reporters.JUnitReportReporter -->
<testsuite hostname="DESKTOP-UOSJI6I" failures="0" tests="1" name="com.restfulbookerwebsiteRetargetCommonEx.JsonPathIntro" time="1.738" errors="0" timestamp="2022-04-19T12:55:43 IST" skipped="0">
  <testcase classname="com.restfulbookerwebsiteRetargetCommonEx.JsonPathIntro" name="jsonpathDemo" time="1.738"/>
  <system-out/>
</testsuite> <!-- com.restfulbookerwebsiteRetargetCommonEx.JsonPathIntro -->
