<?xml version="1.0" encoding="UTF-8"?>
<!-- Generated by org.testng.reporters.JUnitReportReporter -->
<testsuite hostname="DESKTOP-UOSJI6I" failures="0" tests="1" name="datashare.CreateBookingTest" time="5.392" errors="0" timestamp="2022-05-27T11:18:59 IST" skipped="0">
  <testcase classname="datashare.CreateBookingTest" name="createBooking" time="5.392"/>
  <system-out/>
</testsuite> <!-- datashare.CreateBookingTest -->
