<?xml version="1.0" encoding="UTF-8"?>
<!-- Generated by org.testng.reporters.JUnitReportReporter -->
<testsuite hostname="DESKTOP-UOSJI6I" failures="0" tests="1" name="datashare.GetBookingDetails" time="1.446" errors="0" timestamp="2022-05-15T11:00:33 IST" skipped="0">
  <testcase classname="datashare.GetBookingDetails" name="getBooking" time="1.446"/>
  <system-out/>
</testsuite> <!-- datashare.GetBookingDetails -->
