<?xml version="1.0" encoding="UTF-8"?>
<!-- Generated by org.testng.reporters.JUnitReportReporter -->
<testsuite hostname="DESKTOP-UOSJI6I" failures="0" tests="2" name="datashare.TestModuleOneWithThreadLocalMap" time="6.924" errors="0" timestamp="2022-05-13T11:14:41 IST" skipped="0">
  <testcase classname="datashare.TestModuleOneWithThreadLocalMap" name="createBooking" time="5.460"/>
  <system-out/>
  <testcase classname="datashare.TestModuleOneWithThreadLocalMap" name="retreiveBookingId" time="1.464"/>
  <system-out/>
</testsuite> <!-- datashare.TestModuleOneWithThreadLocalMap -->
