<?xml version="1.0" encoding="UTF-8"?>
<!-- Generated by org.testng.reporters.JUnitReportReporter -->
<testsuite hostname="DESKTOP-UOSJI6I" failures="0" tests="1" name="jsonPaths.InlineAssertionWithRestAssured" time="4.483" errors="0" timestamp="2022-06-14T10:41:02 IST" skipped="0">
  <testcase classname="jsonPaths.InlineAssertionWithRestAssured" name="inlineAssertionEg" time="4.483"/>
  <system-out/>
</testsuite> <!-- jsonPaths.InlineAssertionWithRestAssured -->
