<?xml version="1.0" encoding="UTF-8"?>
<!-- Generated by org.testng.reporters.JUnitReportReporter -->
<testsuite hostname="DESKTOP-UOSJI6I" failures="0" tests="1" name="jsonPaths.JsonPathWithFilters" time="1.778" errors="0" timestamp="2022-05-17T10:55:59 IST" skipped="0">
  <testcase classname="jsonPaths.JsonPathWithFilters" name="jsonPathFiltersEg" time="1.778"/>
  <system-out/>
</testsuite> <!-- jsonPaths.JsonPathWithFilters -->
