<?xml version="1.0" encoding="UTF-8"?>
<!-- Generated by org.testng.reporters.JUnitReportReporter -->
<testsuite hostname="DESKTOP-UOSJI6I" failures="0" tests="2" name="httpVerbs.DefaultHeaders" time="8.858" errors="0" timestamp="2022-06-13T11:06:23 IST" skipped="0">
  <testcase classname="httpVerbs.DefaultHeaders" name="defaultHeaderBehaviour" time="8.797"/>
  <system-out/>
  <testcase classname="httpVerbs.DefaultHeaders" name="overwriteHeaderBehaviour" time="0.061"/>
  <system-out/>
</testsuite> <!-- httpVerbs.DefaultHeaders -->
