<?xml version="1.0" encoding="UTF-8"?>
<!-- Generated by org.testng.reporters.JUnitReportReporter -->
<testsuite hostname="DESKTOP-UOSJI6I" failures="0" tests="1" name="jsonPaths.JsonSchemaValidatorEg1" time="3.339" errors="0" timestamp="2022-06-14T10:31:59 IST" skipped="0">
  <testcase classname="jsonPaths.JsonSchemaValidatorEg1" name="jsonSchemaValidationUsingReqres" time="3.339"/>
  <system-out/>
</testsuite> <!-- jsonPaths.JsonSchemaValidatorEg1 -->
