<?xml version="1.0" encoding="UTF-8"?>
<!-- Generated by org.testng.reporters.JUnitReportReporter -->
<testsuite hostname="DESKTOP-UOSJI6I" failures="0" tests="1" name="com.restfulbookerwebsiteRetargetCommonEx.JsonArrayEx" time="1.561" errors="0" timestamp="2022-04-26T10:49:09 IST" skipped="0">
  <testcase classname="com.restfulbookerwebsiteRetargetCommonEx.JsonArrayEx" name="complexJsonArry" time="1.561"/>
  <system-out/>
</testsuite> <!-- com.restfulbookerwebsiteRetargetCommonEx.JsonArrayEx -->
