<?xml version="1.0" encoding="UTF-8"?>
<!-- Generated by org.testng.reporters.JUnitReportReporter -->
<testsuite hostname="DESKTOP-UOSJI6I" failures="0" tests="2" name="datashare.TestModuleTwoWithThreadLocalMap" time="5.918" errors="0" timestamp="2022-05-27T12:05:34 IST" skipped="0">
  <testcase classname="datashare.TestModuleTwoWithThreadLocalMap" name="createBooking" time="4.534"/>
  <system-out/>
  <testcase classname="datashare.TestModuleTwoWithThreadLocalMap" name="retreiveBookingId" time="1.384"/>
  <system-out/>
</testsuite> <!-- datashare.TestModuleTwoWithThreadLocalMap -->
