<?xml version="1.0" encoding="UTF-8"?>
<!-- Generated by org.testng.reporters.JUnitReportReporter -->
<testsuite hostname="DESKTOP-UOSJI6I" failures="0" tests="1" name="mockApi.HandlingDynamicJsonResponse" time="4.096" errors="0" timestamp="2022-05-09T11:13:32 IST" skipped="0">
  <testcase classname="mockApi.HandlingDynamicJsonResponse" name="handlingDynamicResponseUsingInstanceOf" time="4.096"/>
  <system-out/>
</testsuite> <!-- mockApi.HandlingDynamicJsonResponse -->
