<?xml version="1.0" encoding="UTF-8"?>
<!-- Generated by org.testng.reporters.JUnitReportReporter -->
<testsuite hostname="DESKTOP-UOSJI6I" failures="0" tests="1" name="httpVerbs.PutRequestExample" time="3.037" errors="0" timestamp="2022-06-13T10:51:54 IST" skipped="0">
  <testcase classname="httpVerbs.PutRequestExample" name="putEgWithJSONPlaceHolder" time="3.037"/>
  <system-out/>
</testsuite> <!-- httpVerbs.PutRequestExample -->
