<?xml version="1.0" encoding="UTF-8"?>
<!-- Generated by org.testng.reporters.JUnitReportReporter -->
<testsuite hostname="DESKTOP-UOSJI6I" failures="0" tests="1" name="com.restfulbookerwebsiteRetargetCommonEx.JsonPathForNestedObjects" time="1.470" errors="0" timestamp="2022-04-20T13:51:11 IST" skipped="0">
  <testcase classname="com.restfulbookerwebsiteRetargetCommonEx.JsonPathForNestedObjects" name="jsonNestedPath" time="1.470"/>
  <system-out/>
</testsuite> <!-- com.restfulbookerwebsiteRetargetCommonEx.JsonPathForNestedObjects -->
