<?xml version="1.0" encoding="UTF-8"?>
<!-- Generated by org.testng.reporters.JUnitReportReporter -->
<testsuite hostname="DESKTOP-UOSJI6I" failures="0" tests="1" name="mockApi.ConvertJsonObjectToJavaMap" time="3.565" errors="0" timestamp="2022-06-15T10:11:18 IST" skipped="0">
  <testcase classname="mockApi.ConvertJsonObjectToJavaMap" name="deserializationWithoutSupressWarning" time="3.565"/>
  <system-out/>
</testsuite> <!-- mockApi.ConvertJsonObjectToJavaMap -->
