<?xml version="1.0" encoding="UTF-8"?>
<!-- Generated by org.testng.reporters.JUnitReportReporter -->
<testsuite hostname="DESKTOP-UOSJI6I" failures="0" tests="2" name="datashare.TestModuleOneWithThreadLocalMap" time="5.944" errors="0" timestamp="2022-05-27T12:05:34 IST" skipped="0">
  <testcase classname="datashare.TestModuleOneWithThreadLocalMap" name="createBooking" time="4.535"/>
  <system-out/>
  <testcase classname="datashare.TestModuleOneWithThreadLocalMap" name="retreiveBookingId" time="1.409"/>
  <system-out/>
</testsuite> <!-- datashare.TestModuleOneWithThreadLocalMap -->
