<?xml version="1.0" encoding="UTF-8"?>
<!-- Generated by org.testng.reporters.JUnitReportReporter -->
<testsuite hostname="DESKTOP-UOSJI6I" failures="0" tests="1" name="jsonPayload.SimpleJsonArrayUsingMap" time="2.213" errors="0" timestamp="2022-06-14T10:55:55 IST" skipped="0">
  <testcase classname="jsonPayload.SimpleJsonArrayUsingMap" name="simpleJsonArrayMap" time="2.213"/>
  <system-out/>
</testsuite> <!-- jsonPayload.SimpleJsonArrayUsingMap -->
