<?xml version="1.0" encoding="UTF-8"?>
<!-- Generated by org.testng.reporters.JUnitReportReporter -->
<testsuite hostname="DESKTOP-UOSJI6I" failures="0" tests="2" name="jsonPayload.JsonPayloadWithMap" time="2.522" errors="0" timestamp="2022-06-14T10:50:22 IST" skipped="0">
  <testcase classname="jsonPayload.JsonPayloadWithMap" name="nestedJsonPayload" time="2.255"/>
  <system-out/>
  <testcase classname="jsonPayload.JsonPayloadWithMap" name="simpleJsonPayloadEg" time="0.267"/>
  <system-out/>
</testsuite> <!-- jsonPayload.JsonPayloadWithMap -->
