<?xml version="1.0" encoding="UTF-8"?>
<!-- Generated by org.testng.reporters.JUnitReportReporter -->
<testsuite hostname="DESKTOP-UOSJI6I" failures="0" tests="1" name="com.restfulbookerwebsiteRetargetCommonEx.InlineAssertionWithRestAssured" time="5.416" errors="0" timestamp="2022-04-28T10:56:37 IST" skipped="0">
  <testcase classname="com.restfulbookerwebsiteRetargetCommonEx.InlineAssertionWithRestAssured" name="inlineAssertionEg2" time="5.416"/>
  <system-out/>
</testsuite> <!-- com.restfulbookerwebsiteRetargetCommonEx.InlineAssertionWithRestAssured -->
