<?xml version="1.0" encoding="UTF-8"?>
<!-- Generated by org.testng.reporters.JUnitReportReporter -->
<testsuite hostname="DESKTOP-UOSJI6I" failures="0" tests="2" name="mockApi.ConvertJsonArrayToJavaList" time="7.648" errors="0" timestamp="2022-06-01T13:15:39 IST" skipped="0">
  <testcase classname="mockApi.ConvertJsonArrayToJavaList" name="deserializationForListWithoutSuppressWarnings" time="0.828"/>
  <system-out/>
  <testcase classname="mockApi.ConvertJsonArrayToJavaList" name="deserializationForList" time="6.820"/>
  <system-out/>
</testsuite> <!-- mockApi.ConvertJsonArrayToJavaList -->
