<?xml version="1.0" encoding="UTF-8"?>
<!-- Generated by org.testng.reporters.JUnitReportReporter -->
<testsuite hostname="DESKTOP-UOSJI6I" failures="0" tests="1" name="jsonPayload.ComplexPayloadUsingMapAndList" time="11.787" errors="0" timestamp="2022-05-09T10:16:56 IST" skipped="0">
  <testcase classname="jsonPayload.ComplexPayloadUsingMapAndList" name="complexPayloadWithRestAssured" time="11.787"/>
  <system-out/>
</testsuite> <!-- jsonPayload.ComplexPayloadUsingMapAndList -->
