<?xml version="1.0" encoding="UTF-8"?>
<!-- Generated by org.testng.reporters.JUnitReportReporter -->
<testsuite hostname="DESKTOP-UOSJI6I" failures="0" tests="2" name="datashare.SharingData" time="6.074" errors="0" timestamp="2022-05-11T12:13:00 IST" skipped="0">
  <testcase classname="datashare.SharingData" name="createPetDataSwagger" time="4.560"/>
  <system-out/>
  <testcase classname="datashare.SharingData" name="retreivePetData" time="1.514"/>
  <system-out/>
</testsuite> <!-- datashare.SharingData -->
