<?xml version="1.0" encoding="UTF-8"?>
<!-- Generated by org.testng.reporters.JUnitReportReporter -->
<testsuite hostname="DESKTOP-UOSJI6I" failures="0" tests="1" name="mockApi.ConvertJsonArrayToJavaList" time="3.583" errors="0" timestamp="2022-06-15T10:12:43 IST" skipped="0">
  <testcase classname="mockApi.ConvertJsonArrayToJavaList" name="deserializationForListWithoutSuppressWarnings" time="3.583"/>
  <system-out/>
</testsuite> <!-- mockApi.ConvertJsonArrayToJavaList -->
